<?xml version="1.0" encoding="UTF-8"?>
<coverage generated="1527109584572" clover="3.2.0">
  <project timestamp="1527109584573" name="All files">
    <metrics statements="24" coveredstatements="21" conditionals="2" coveredconditionals="1" methods="11" coveredmethods="8" elements="37" coveredelements="30" complexity="0" loc="24" ncloc="24" packages="3" files="5" classes="5">
      <package name="NetAppDataInsights">
        <metrics statements="3" coveredstatements="3" conditionals="0" coveredconditionals="0" methods="1" coveredmethods="1"/>
        <file name="App.js" path="/Users/allen/Documents/workspace/reactnative/NetAppDataInsights/App.js">
          <metrics statements="3" coveredstatements="3" conditionals="0" coveredconditionals="0" methods="1" coveredmethods="1"/>
          <line num="11" count="1" type="stmt"/>
          <line num="22" count="1" type="stmt"/>
          <line num="26" count="1" type="stmt"/>
        </file>
      </package>
      <package name="NetAppDataInsights.Images">
        <metrics statements="1" coveredstatements="1" conditionals="0" coveredconditionals="0" methods="0" coveredmethods="0"/>
        <file name="NetAppLogo.png" path="/Users/allen/Documents/workspace/reactnative/NetAppDataInsights/Images/NetAppLogo.png">
          <metrics statements="1" coveredstatements="1" conditionals="0" coveredconditionals="0" methods="0" coveredmethods="0"/>
          <line num="1" count="2" type="stmt"/>
        </file>
      </package>
      <package name="NetAppDataInsights.Views">
        <metrics statements="20" coveredstatements="17" conditionals="2" coveredconditionals="1" methods="10" coveredmethods="7"/>
        <file name="ContactList.js" path="/Users/allen/Documents/workspace/reactnative/NetAppDataInsights/Views/ContactList.js">
          <metrics statements="11" coveredstatements="11" conditionals="2" coveredconditionals="1" methods="5" coveredmethods="5"/>
          <line num="9" count="2" type="stmt"/>
          <line num="12" count="2" type="cond" truecount="1" falsecount="1"/>
          <line num="23" count="2000" type="stmt"/>
          <line num="25" count="2" type="stmt"/>
          <line num="28" count="2" type="stmt"/>
          <line num="32" count="10" type="stmt"/>
          <line num="41" count="2" type="stmt"/>
          <line num="42" count="2" type="stmt"/>
          <line num="43" count="2" type="stmt"/>
          <line num="44" count="2" type="stmt"/>
          <line num="58" count="2" type="stmt"/>
        </file>
        <file name="Landing.js" path="/Users/allen/Documents/workspace/reactnative/NetAppDataInsights/Views/Landing.js">
          <metrics statements="5" coveredstatements="3" conditionals="0" coveredconditionals="0" methods="3" coveredmethods="1"/>
          <line num="13" count="1" type="stmt"/>
          <line num="14" count="1" type="stmt"/>
          <line num="18" count="0" type="stmt"/>
          <line num="23" count="0" type="stmt"/>
          <line num="36" count="2" type="stmt"/>
        </file>
        <file name="Login.js" path="/Users/allen/Documents/workspace/reactnative/NetAppDataInsights/Views/Login.js">
          <metrics statements="4" coveredstatements="3" conditionals="0" coveredconditionals="0" methods="2" coveredmethods="1"/>
          <line num="11" count="2" type="stmt"/>
          <line num="12" count="2" type="stmt"/>
          <line num="23" count="0" type="stmt"/>
          <line num="32" count="2" type="stmt"/>
        </file>
      </package>
    </metrics>
  </project>
</coverage>
