{"/Users/allen/Documents/workspace/reactnative/NetAppDataInsights/App.js": {"path":"/Users/allen/Documents/workspace/reactnative/NetAppDataInsights/App.js","statementMap":{"0":{"start":{"line":11,"column":22},"end":{"line":15,"column":2}},"1":{"start":{"line":22,"column":4},"end":{"line":22,"column":29}},"2":{"start":{"line":26,"column":15},"end":{"line":33,"column":2}}},"fnMap":{"0":{"name":"(anonymous_0)","decl":{"start":{"line":21,"column":2},"end":{"line":21,"column":3}},"loc":{"start":{"line":21,"column":10},"end":{"line":23,"column":3}},"line":21}},"branchMap":{},"s":{"0":1,"1":1,"2":1},"f":{"0":1},"b":{},"_coverageSchema":"332fd63041d2c1bcb487cc26dd0d5f7d97098a6c","hash":"16dbfc27014032faac017f1f62ea1c0ff192a60b"}
,"/Users/allen/Documents/workspace/reactnative/NetAppDataInsights/Images/NetAppLogo.png": {"path":"/Users/allen/Documents/workspace/reactnative/NetAppDataInsights/Images/NetAppLogo.png","statementMap":{"0":{"start":{"line":1,"column":0},"end":{"line":1,"column":19}}},"fnMap":{},"branchMap":{},"s":{"0":2},"f":{},"b":{},"_coverageSchema":"332fd63041d2c1bcb487cc26dd0d5f7d97098a6c","hash":"3da5f4becdf526f00f73adb20bac0e3976a0a0ee"}
,"/Users/allen/Documents/workspace/reactnative/NetAppDataInsights/Views/ContactList.js": {"path":"/Users/allen/Documents/workspace/reactnative/NetAppDataInsights/Views/ContactList.js","statementMap":{"0":{"start":{"line":9,"column":4},"end":{"line":9,"column":17}},"1":{"start":{"line":12,"column":4},"end":{"line":12,"column":140}},"2":{"start":{"line":23,"column":4},"end":{"line":23,"column":82}},"3":{"start":{"line":23,"column":39},"end":{"line":23,"column":80}},"4":{"start":{"line":25,"column":4},"end":{"line":25,"column":25}},"5":{"start":{"line":28,"column":4},"end":{"line":34,"column":6}},"6":{"start":{"line":32,"column":32},"end":{"line":32,"column":62}},"7":{"start":{"line":41,"column":19},"end":{"line":41,"column":35}},"8":{"start":{"line":42,"column":4},"end":{"line":42,"column":23}},"9":{"start":{"line":43,"column":24},"end":{"line":43,"column":45}},"10":{"start":{"line":44,"column":4},"end":{"line":54,"column":6}},"11":{"start":{"line":58,"column":15},"end":{"line":65,"column":2}}},"fnMap":{"0":{"name":"(anonymous_0)","decl":{"start":{"line":8,"column":2},"end":{"line":8,"column":3}},"loc":{"start":{"line":8,"column":20},"end":{"line":13,"column":3}},"line":8},"1":{"name":"(anonymous_1)","decl":{"start":{"line":19,"column":2},"end":{"line":19,"column":3}},"loc":{"start":{"line":19,"column":17},"end":{"line":36,"column":1}},"line":19},"2":{"name":"(anonymous_2)","decl":{"start":{"line":23,"column":32},"end":{"line":23,"column":33}},"loc":{"start":{"line":23,"column":39},"end":{"line":23,"column":80}},"line":23},"3":{"name":"(anonymous_3)","decl":{"start":{"line":32,"column":20},"end":{"line":32,"column":21}},"loc":{"start":{"line":32,"column":32},"end":{"line":32,"column":62}},"line":32},"4":{"name":"(anonymous_4)","decl":{"start":{"line":40,"column":2},"end":{"line":40,"column":3}},"loc":{"start":{"line":40,"column":11},"end":{"line":55,"column":3}},"line":40}},"branchMap":{"0":{"loc":{"start":{"line":12,"column":27},"end":{"line":12,"column":138}},"type":"cond-expr","locations":[{"start":{"line":12,"column":80},"end":{"line":12,"column":96}},{"start":{"line":12,"column":99},"end":{"line":12,"column":138}}],"line":12}},"s":{"0":2,"1":2,"2":2,"3":2000,"4":2,"5":2,"6":10,"7":2,"8":2,"9":2,"10":2,"11":2},"f":{"0":2,"1":2,"2":2000,"3":10,"4":2},"b":{"0":[2,0]},"_coverageSchema":"332fd63041d2c1bcb487cc26dd0d5f7d97098a6c","hash":"3177a764b33e432f0ea7d223e2af30cfcd940a63"}
,"/Users/allen/Documents/workspace/reactnative/NetAppDataInsights/Views/Landing.js": {"path":"/Users/allen/Documents/workspace/reactnative/NetAppDataInsights/Views/Landing.js","statementMap":{"0":{"start":{"line":13,"column":25},"end":{"line":13,"column":46}},"1":{"start":{"line":14,"column":4},"end":{"line":32,"column":6}},"2":{"start":{"line":18,"column":34},"end":{"line":18,"column":62}},"3":{"start":{"line":23,"column":12},"end":{"line":23,"column":61}},"4":{"start":{"line":36,"column":15},"end":{"line":43,"column":2}}},"fnMap":{"0":{"name":"(anonymous_0)","decl":{"start":{"line":12,"column":2},"end":{"line":12,"column":3}},"loc":{"start":{"line":12,"column":11},"end":{"line":33,"column":3}},"line":12},"1":{"name":"(anonymous_1)","decl":{"start":{"line":18,"column":24},"end":{"line":18,"column":25}},"loc":{"start":{"line":18,"column":34},"end":{"line":18,"column":62}},"line":18},"2":{"name":"(anonymous_2)","decl":{"start":{"line":22,"column":19},"end":{"line":22,"column":20}},"loc":{"start":{"line":23,"column":12},"end":{"line":23,"column":61}},"line":23}},"branchMap":{},"s":{"0":1,"1":1,"2":0,"3":0,"4":2},"f":{"0":1,"1":0,"2":0},"b":{},"_coverageSchema":"332fd63041d2c1bcb487cc26dd0d5f7d97098a6c","hash":"e6bfc47c619862a46f6e7282406b4a2e02635b47"}
,"/Users/allen/Documents/workspace/reactnative/NetAppDataInsights/Views/Login.js": {"path":"/Users/allen/Documents/workspace/reactnative/NetAppDataInsights/Views/Login.js","statementMap":{"0":{"start":{"line":11,"column":25},"end":{"line":11,"column":46}},"1":{"start":{"line":12,"column":4},"end":{"line":28,"column":6}},"2":{"start":{"line":23,"column":12},"end":{"line":23,"column":48}},"3":{"start":{"line":32,"column":15},"end":{"line":39,"column":2}}},"fnMap":{"0":{"name":"(anonymous_0)","decl":{"start":{"line":10,"column":2},"end":{"line":10,"column":3}},"loc":{"start":{"line":10,"column":11},"end":{"line":29,"column":3}},"line":10},"1":{"name":"(anonymous_1)","decl":{"start":{"line":22,"column":19},"end":{"line":22,"column":20}},"loc":{"start":{"line":23,"column":12},"end":{"line":23,"column":48}},"line":23}},"branchMap":{},"s":{"0":2,"1":2,"2":0,"3":2},"f":{"0":2,"1":0},"b":{},"_coverageSchema":"332fd63041d2c1bcb487cc26dd0d5f7d97098a6c","hash":"133a5f1a1e6a8c6fe20f17b008a54709996ad5fc"}
}
