TN:
SF:/Users/allen/Documents/workspace/reactnative/NetAppDataInsights/App.js
FN:21,(anonymous_0)
FNF:1
FNH:1
FNDA:1,(anonymous_0)
DA:11,1
DA:22,1
DA:26,1
LF:3
LH:3
BRF:0
BRH:0
end_of_record
TN:
SF:/Users/allen/Documents/workspace/reactnative/NetAppDataInsights/Images/NetAppLogo.png
FNF:0
FNH:0
DA:1,2
LF:1
LH:1
BRF:0
BRH:0
end_of_record
TN:
SF:/Users/allen/Documents/workspace/reactnative/NetAppDataInsights/Views/ContactList.js
FN:8,(anonymous_0)
FN:19,(anonymous_1)
FN:23,(anonymous_2)
FN:32,(anonymous_3)
FN:40,(anonymous_4)
FNF:5
FNH:5
FNDA:2,(anonymous_0)
FNDA:2,(anonymous_1)
FNDA:2000,(anonymous_2)
FNDA:10,(anonymous_3)
FNDA:2,(anonymous_4)
DA:9,2
DA:12,2
DA:23,2000
DA:25,2
DA:28,2
DA:32,10
DA:41,2
DA:42,2
DA:43,2
DA:44,2
DA:58,2
LF:11
LH:11
BRDA:12,0,0,2
BRDA:12,0,1,0
BRF:2
BRH:1
end_of_record
TN:
SF:/Users/allen/Documents/workspace/reactnative/NetAppDataInsights/Views/Landing.js
FN:12,(anonymous_0)
FN:18,(anonymous_1)
FN:22,(anonymous_2)
FNF:3
FNH:1
FNDA:1,(anonymous_0)
FNDA:0,(anonymous_1)
FNDA:0,(anonymous_2)
DA:13,1
DA:14,1
DA:18,0
DA:23,0
DA:36,2
LF:5
LH:3
BRF:0
BRH:0
end_of_record
TN:
SF:/Users/allen/Documents/workspace/reactnative/NetAppDataInsights/Views/Login.js
FN:10,(anonymous_0)
FN:22,(anonymous_1)
FNF:2
FNH:1
FNDA:2,(anonymous_0)
FNDA:0,(anonymous_1)
DA:11,2
DA:12,2
DA:23,0
DA:32,2
LF:4
LH:3
BRF:0
BRH:0
end_of_record
